\BOOKMARK [1][-]{section.0.1}{Wiskundige notaties}{}% 1
\BOOKMARK [2][-]{subsection.0.1.1}{Overzicht van wiskundige notaties}{section.0.1}% 2
\BOOKMARK [2][-]{subsection.0.1.2}{Absolute waarde}{section.0.1}% 3
\BOOKMARK [2][-]{subsection.0.1.3}{Sommatie}{section.0.1}% 4
\BOOKMARK [2][-]{subsection.0.1.4}{Sommatie - voorbeeld}{section.0.1}% 5
\BOOKMARK [2][-]{subsection.0.1.5}{Faculteit}{section.0.1}% 6
\BOOKMARK [2][-]{subsection.0.1.6}{Vectoren vs scalairen}{section.0.1}% 7
\BOOKMARK [2][-]{subsection.0.1.7}{Ontbinden van een vector - voorbeeld}{section.0.1}% 8
\BOOKMARK [2][-]{subsection.0.1.8}{Test - wiskundige notaties}{section.0.1}% 9
\BOOKMARK [1][-]{section.0.2}{Bewerkingen}{}% 10
\BOOKMARK [2][-]{subsection.0.2.1}{Volgorde van bewerkingen}{section.0.2}% 11
\BOOKMARK [2][-]{subsection.0.2.2}{Volgorde van bewerkingen - voorbeeld 1}{section.0.2}% 12
\BOOKMARK [2][-]{subsection.0.2.3}{Volgorde van bewerkingen - voorbeeld 2}{section.0.2}% 13
\BOOKMARK [2][-]{subsection.0.2.4}{Rekenen met machten of exponenten}{section.0.2}% 14
\BOOKMARK [2][-]{subsection.0.2.5}{Werken met haakjes}{section.0.2}% 15
\BOOKMARK [2][-]{subsection.0.2.6}{Begrippen tegengestelde en omgekeerde van een getal}{section.0.2}% 16
\BOOKMARK [2][-]{subsection.0.2.7}{Rekenen met wortels}{section.0.2}% 17
\BOOKMARK [2][-]{subsection.0.2.8}{Rekenen met breuken}{section.0.2}% 18
\BOOKMARK [2][-]{subsection.0.2.9}{Rekenen met logaritmen}{section.0.2}% 19
\BOOKMARK [2][-]{subsection.0.2.10}{Algebra: het rekenen met letters}{section.0.2}% 20
\BOOKMARK [2][-]{subsection.0.2.11}{Evenredigheden en de regel van drie}{section.0.2}% 21
\BOOKMARK [2][-]{subsection.0.2.12}{Rekenen met percentages en promillages}{section.0.2}% 22
\BOOKMARK [1][-]{section.0.3}{Ontbinden in factoren}{}% 23
\BOOKMARK [2][-]{subsection.0.3.1}{Basisprincipes}{section.0.3}% 24
\BOOKMARK [2][-]{subsection.0.3.2}{Merkwaardige producten}{section.0.3}% 25
\BOOKMARK [2][-]{subsection.0.3.3}{Discriminant}{section.0.3}% 26
\BOOKMARK [2][-]{subsection.0.3.4}{Discriminant - voorbeeld}{section.0.3}% 27
\BOOKMARK [2][-]{subsection.0.3.5}{Regel van Horner}{section.0.3}% 28
\BOOKMARK [2][-]{subsection.0.3.6}{Regel van Horner - voorbeeld}{section.0.3}% 29
\BOOKMARK [2][-]{subsection.0.3.7}{Test - ontbinden in factoren}{section.0.3}% 30
