\BOOKMARK [1][-]{section*.1}{Inleiding}{}% 1
\BOOKMARK [1][-]{section.1}{Meten van hoeken}{}% 2
\BOOKMARK [2][-]{subsection.1.1}{Graden, minuten, seconden}{section.1}% 3
\BOOKMARK [2][-]{subsection.1.2}{Decimale graad of honderddelige graad}{section.1}% 4
\BOOKMARK [2][-]{subsection.1.3}{Radialen}{section.1}% 5
\BOOKMARK [2][-]{subsection.1.4}{Overgangen tussen hoeken}{section.1}% 6
\BOOKMARK [3][-]{subsubsection.1.4.1}{Van graden naar radialen en terug}{subsection.1.4}% 7
\BOOKMARK [3][-]{subsubsection.1.4.2}{Van graden naar gon en terug}{subsection.1.4}% 8
\BOOKMARK [2][-]{subsection.1.5}{Onthoud}{section.1}% 9
\BOOKMARK [1][-]{section.2}{Rechthoekige driehoeken}{}% 10
\BOOKMARK [2][-]{subsection.2.1}{Tekening en definities}{section.2}% 11
\BOOKMARK [2][-]{subsection.2.2}{De stelling van Pythagoras}{section.2}% 12
\BOOKMARK [2][-]{subsection.2.3}{Goniometrische getallen}{section.2}% 13
\BOOKMARK [2][-]{subsection.2.4}{Nuttige formules}{section.2}% 14
\BOOKMARK [3][-]{subsubsection.2.4.1}{Oplossen van rechthoekige driehoeken}{subsection.2.4}% 15
\BOOKMARK [2][-]{subsection.2.5}{Onthoud}{section.2}% 16
\BOOKMARK [1][-]{section.3}{Willekeurige driehoeken}{}% 17
\BOOKMARK [2][-]{subsection.3.1}{Tekening en afspraken}{section.3}% 18
\BOOKMARK [2][-]{subsection.3.2}{Sinus- en cosinusregel}{section.3}% 19
\BOOKMARK [2][-]{subsection.3.3}{Oplossen van willekeurige driehoeken}{section.3}% 20
\BOOKMARK [2][-]{subsection.3.4}{Onthoud}{section.3}% 21
\BOOKMARK [1][-]{section.4}{De goniometrische cirkel}{}% 22
\BOOKMARK [2][-]{subsection.4.1}{Tekening}{section.4}% 23
\BOOKMARK [2][-]{subsection.4.2}{Goniometrische getallen}{section.4}% 24
\BOOKMARK [2][-]{subsection.4.3}{Kwadranten}{section.4}% 25
\BOOKMARK [2][-]{subsection.4.4}{Onthoud}{section.4}% 26
\BOOKMARK [1][-]{section.5}{Goniometrische formules}{}% 27
\BOOKMARK [2][-]{subsection.5.1}{Bijzondere goniometrische getallen}{section.5}% 28
\BOOKMARK [2][-]{subsection.5.2}{Grondformules}{section.5}% 29
\BOOKMARK [2][-]{subsection.5.3}{Verwante hoeken}{section.5}% 30
\BOOKMARK [2][-]{subsection.5.4}{Som- en verschilformules}{section.5}% 31
\BOOKMARK [2][-]{subsection.5.5}{Verdubbelingsformules}{section.5}% 32
\BOOKMARK [2][-]{subsection.5.6}{Simpson-formules}{section.5}% 33
\BOOKMARK [2][-]{subsection.5.7}{Omgekeerde Simpson-formules}{section.5}% 34
