This is pdfTeX, Version 3.1415926-2.3-1.40.12 (MiKTeX 2.9) (preloaded format=pdflatex 2011.9.20)  17 FEB 2017 17:20
entering extended mode
**D:/Dropbox/School/SPOC*schakel/WaaromJuisteAntwoordenReeksOppervlakteInhoud.t
ex

("D:/Dropbox/School/SPOC schakel/WaaromJuisteAntwoordenReeksOppervlakteInhoud.t
ex"
LaTeX2e <2011/06/27>
Babel <v3.8m> and hyphenation patterns for english, afrikaans, ancientgreek, ar
abic, armenian, assamese, basque, bengali, bokmal, bulgarian, catalan, coptic, 
croatian, czech, danish, dutch, esperanto, estonian, farsi, finnish, french, ga
lician, german, german-x-2009-06-19, greek, gujarati, hindi, hungarian, iceland
ic, indonesian, interlingua, irish, italian, kannada, kurmanji, lao, latin, lat
vian, lithuanian, malayalam, marathi, mongolian, mongolianlmc, monogreek, ngerm
an, ngerman-x-2009-06-19, nynorsk, oriya, panjabi, pinyin, polish, portuguese, 
romanian, russian, sanskrit, serbian, slovak, slovenian, spanish, swedish, swis
sgerman, tamil, telugu, turkish, turkmen, ukenglish, ukrainian, uppersorbian, u
senglishmax, welsh, loaded.
("C:\Program Files (x86)\MiKTeX 2.9\tex\latex\base\article.cls"
Document Class: article 2007/10/19 v1.4h Standard LaTeX document class
("C:\Program Files (x86)\MiKTeX 2.9\tex\latex\base\size10.clo"
File: size10.clo 2007/10/19 v1.4h Standard LaTeX file (size option)
)
\c@part=\count79
\c@section=\count80
\c@subsection=\count81
\c@subsubsection=\count82
\c@paragraph=\count83
\c@subparagraph=\count84
\c@figure=\count85
\c@table=\count86
\abovecaptionskip=\skip41
\belowcaptionskip=\skip42
\bibindent=\dimen102
)
("C:\Program Files (x86)\MiKTeX 2.9\tex\latex\amsrefs\amsrefs.sty"
Package: amsrefs 2010/08/17 v2.09

("C:\Program Files (x86)\MiKTeX 2.9\tex\latex\ltxmisc\url.sty"
\Urlmuskip=\muskip10
Package: url 2006/04/12  ver 3.3  Verb mode for urls, etc.
)
("C:\Program Files (x86)\MiKTeX 2.9\tex\latex\amsrefs\pcatcode.sty"
Package: pcatcode 2002/04/16 v1.04
)
("C:\Program Files (x86)\MiKTeX 2.9\tex\latex\amsrefs\ifoption.sty"
Package: ifoption 2002/03/04 v1.02
)
("C:\Program Files (x86)\MiKTeX 2.9\tex\latex\amsrefs\rkeyval.sty"
Package: rkeyval 2004/05/05 v1.08
\@emptytoks=\toks14
\@temptokenb=\toks15
\rsk@toks=\toks16
)
("C:\Program Files (x86)\MiKTeX 2.9\tex\latex\amsrefs\textcmds.sty"
Package: textcmds 2007/10/19 v1.06
)
("C:\Program Files (x86)\MiKTeX 2.9\tex\latex\amsrefs\mathscinet.sty"
Package: mathscinet 2002/04/17 v1.05
)
\c@bib=\count87
\@maxlabelwidth=\dimen103
\c@bib@env=\count88
\bib@dbfile=\read1
\alpha@suffix=\count89
\series@index=\count90
)
("C:\Program Files (x86)\MiKTeX 2.9\tex\latex\amsfonts\amssymb.sty"
Package: amssymb 2009/06/22 v3.00

("C:\Program Files (x86)\MiKTeX 2.9\tex\latex\amsfonts\amsfonts.sty"
Package: amsfonts 2009/06/22 v3.00 Basic AMSFonts support
\symAMSa=\mathgroup4
\symAMSb=\mathgroup5
LaTeX Font Info:    Overwriting math alphabet `\mathfrak' in version `bold'
(Font)                  U/euf/m/n --> U/euf/b/n on input line 96.
LaTeX Info: Redefining \bold on input line 103.
))
("C:\Program Files (x86)\MiKTeX 2.9\tex\latex\tools\enumerate.sty"
Package: enumerate 1999/03/05 v3.00 enumerate extensions (DPC)
\@enLab=\toks17
)
("C:\Program Files (x86)\MiKTeX 2.9\tex\latex\ams\math\amsmath.sty"
Package: amsmath 2000/07/18 v2.13 AMS math features
\@mathmargin=\skip43

For additional information on amsmath, use the `?' option.
("C:\Program Files (x86)\MiKTeX 2.9\tex\latex\ams\math\amstext.sty"
Package: amstext 2000/06/29 v2.01

("C:\Program Files (x86)\MiKTeX 2.9\tex\latex\ams\math\amsgen.sty"
File: amsgen.sty 1999/11/30 v2.0
\@emptytoks=\toks18
\ex@=\dimen104
))
("C:\Program Files (x86)\MiKTeX 2.9\tex\latex\ams\math\amsbsy.sty"
Package: amsbsy 1999/11/29 v1.2d
\pmbraise@=\dimen105
)
("C:\Program Files (x86)\MiKTeX 2.9\tex\latex\ams\math\amsopn.sty"
Package: amsopn 1999/12/14 v2.01 operator names
)
\inf@bad=\count91
LaTeX Info: Redefining \frac on input line 211.
\uproot@=\count92
\leftroot@=\count93
LaTeX Info: Redefining \overline on input line 307.
\classnum@=\count94
\DOTSCASE@=\count95
LaTeX Info: Redefining \ldots on input line 379.
LaTeX Info: Redefining \dots on input line 382.
LaTeX Info: Redefining \cdots on input line 467.
\Mathstrutbox@=\box26
\strutbox@=\box27
\big@size=\dimen106
LaTeX Font Info:    Redeclaring font encoding OML on input line 567.
LaTeX Font Info:    Redeclaring font encoding OMS on input line 568.
\macc@depth=\count96
\c@MaxMatrixCols=\count97
\dotsspace@=\muskip11
\c@parentequation=\count98
\dspbrk@lvl=\count99
\tag@help=\toks19
\row@=\count100
\column@=\count101
\maxfields@=\count102
\andhelp@=\toks20
\eqnshift@=\dimen107
\alignsep@=\dimen108
\tagshift@=\dimen109
\tagwidth@=\dimen110
\totwidth@=\dimen111
\lineht@=\dimen112
\@envbody=\toks21
\multlinegap=\skip44
\multlinetaggap=\skip45
\mathdisplay@stack=\toks22
LaTeX Info: Redefining \[ on input line 2666.
LaTeX Info: Redefining \] on input line 2667.
)
("C:\Program Files (x86)\MiKTeX 2.9\tex\latex\ams\classes\amsthm.sty"
Package: amsthm 2004/08/06 v2.20
\thm@style=\toks23
\thm@bodyfont=\toks24
\thm@headfont=\toks25
\thm@notefont=\toks26
\thm@headpunct=\toks27
\thm@preskip=\skip46
\thm@postskip=\skip47
\thm@headsep=\skip48
\dth@everypar=\toks28
)
("C:\Program Files (x86)\MiKTeX 2.9\tex\latex\graphics\graphicx.sty"
Package: graphicx 1999/02/16 v1.0f Enhanced LaTeX Graphics (DPC,SPQR)

("C:\Program Files (x86)\MiKTeX 2.9\tex\latex\graphics\keyval.sty"
Package: keyval 1999/03/16 v1.13 key=value parser (DPC)
\KV@toks@=\toks29
)
("C:\Program Files (x86)\MiKTeX 2.9\tex\latex\graphics\graphics.sty"
Package: graphics 2009/02/05 v1.0o Standard LaTeX Graphics (DPC,SPQR)

("C:\Program Files (x86)\MiKTeX 2.9\tex\latex\graphics\trig.sty"
Package: trig 1999/03/16 v1.09 sin cos tan (DPC)
)
("C:\Program Files (x86)\MiKTeX 2.9\tex\latex\00miktex\graphics.cfg"
File: graphics.cfg 2007/01/18 v1.5 graphics configuration of teTeX/TeXLive
)
Package graphics Info: Driver file: pdftex.def on input line 91.

("C:\Program Files (x86)\MiKTeX 2.9\tex\latex\pdftex-def\pdftex.def"
File: pdftex.def 2011/05/27 v0.06d Graphics/color for pdfTeX

("C:\Program Files (x86)\MiKTeX 2.9\tex\generic\oberdiek\infwarerr.sty"
Package: infwarerr 2010/04/08 v1.3 Providing info/warning/message (HO)
)
("C:\Program Files (x86)\MiKTeX 2.9\tex\generic\oberdiek\ltxcmds.sty"
Package: ltxcmds 2011/04/18 v1.20 LaTeX kernel commands for general use (HO)
)
\Gread@gobject=\count103
))
\Gin@req@height=\dimen113
\Gin@req@width=\dimen114
)
("C:\Program Files (x86)\MiKTeX 2.9\tex\latex\base\latexsym.sty"
Package: latexsym 1998/08/17 v2.2e Standard LaTeX package (lasy symbols)
\symlasy=\mathgroup6
LaTeX Font Info:    Overwriting symbol font `lasy' in version `bold'
(Font)                  U/lasy/m/n --> U/lasy/b/n on input line 47.
)
("D:\Dropbox\School\SPOC schakel\WaaromJuisteAntwoordenReeksOppervlakteInhoud.a
ux")
LaTeX Font Info:    Checking defaults for OML/cmm/m/it on input line 11.
LaTeX Font Info:    ... okay on input line 11.
LaTeX Font Info:    Checking defaults for T1/cmr/m/n on input line 11.
LaTeX Font Info:    ... okay on input line 11.
LaTeX Font Info:    Checking defaults for OT1/cmr/m/n on input line 11.
LaTeX Font Info:    ... okay on input line 11.
LaTeX Font Info:    Checking defaults for OMS/cmsy/m/n on input line 11.
LaTeX Font Info:    ... okay on input line 11.
LaTeX Font Info:    Checking defaults for OMX/cmex/m/n on input line 11.
LaTeX Font Info:    ... okay on input line 11.
LaTeX Font Info:    Checking defaults for U/cmr/m/n on input line 11.
LaTeX Font Info:    ... okay on input line 11.
 ("C:\Program Files (x86)\MiKTeX 2.9\tex\context\base\supp-pdf.mkii"
[Loading MPS to PDF converter (version 2006.09.02).]
\scratchcounter=\count104
\scratchdimen=\dimen115
\scratchbox=\box28
\nofMPsegments=\count105
\nofMParguments=\count106
\everyMPshowfont=\toks30
\MPscratchCnt=\count107
\MPscratchDim=\dimen116
\MPnumerator=\count108
\makeMPintoPDFobject=\count109
\everyMPtoPDFconversion=\toks31
) <TestOppInhoud1.pdf, id=1, 89.52948pt x 105.20103pt>
File: TestOppInhoud1.pdf Graphic file (type pdf)

<use TestOppInhoud1.pdf>
Package pdftex.def Info: TestOppInhoud1.pdf used on input line 20.
(pdftex.def)             Requested size: 96.86115pt x 113.81102pt.
LaTeX Font Info:    Try loading font information for U+msa on input line 25.

("C:\Program Files (x86)\MiKTeX 2.9\tex\latex\amsfonts\umsa.fd"
File: umsa.fd 2009/06/22 v3.00 AMS symbols A
)
LaTeX Font Info:    Try loading font information for U+msb on input line 25.

("C:\Program Files (x86)\MiKTeX 2.9\tex\latex\amsfonts\umsb.fd"
File: umsb.fd 2009/06/22 v3.00 AMS symbols B
)
LaTeX Font Info:    Try loading font information for U+lasy on input line 25.

("C:\Program Files (x86)\MiKTeX 2.9\tex\latex\base\ulasy.fd"
File: ulasy.fd 1998/08/17 v2.2e LaTeX symbol font definitions
)
<TestOppInhoud2.pdf, id=2, 153.76949pt x 105.20103pt>
File: TestOppInhoud2.pdf Graphic file (type pdf)
 <use TestOppInhoud2.pdf>
Package pdftex.def Info: TestOppInhoud2.pdf used on input line 39.
(pdftex.def)             Requested size: 166.36185pt x 113.81102pt.

[1

{C:/ProgramData/MiKTeX/2.9/pdftex/config/pdftex.map} <D:/Dropbox/School/SPOC sc
hakel/TestOppInhoud1.pdf> <D:/Dropbox/School/SPOC schakel/TestOppInhoud2.pdf>] 
<TestOppInhoud4.pdf, id=38, 183.10408pt x 183.10408pt>
File: TestOppInhoud4.pdf Graphic file (type pdf)

<use TestOppInhoud4.pdf>
Package pdftex.def Info: TestOppInhoud4.pdf used on input line 73.
(pdftex.def)             Requested size: 113.81113pt x 113.81102pt.

Overfull \hbox (5.73099pt too wide) in paragraph at lines 98--99
[]\OT1/cmr/m/n/10 Omdat $1\OML/cmm/m/it/10 dm[] \OT1/cmr/m/n/10 = 1000\OML/cmm/
m/it/10 cm[]$ \OT1/cmr/m/n/10 bekom je als vol-ume voor de bloem-bak $323\OML/c
mm/m/it/10 ; \OT1/cmr/m/n/10 40\OML/cmm/m/it/10 dm[]$\OT1/cmr/m/n/10 . 
 []

<TestOppInhoud7.pdf, id=39, 266.18948pt x 235.61827pt>
File: TestOppInhoud7.pdf Graphic file (type pdf)

<use TestOppInhoud7.pdf>
Package pdftex.def Info: TestOppInhoud7.pdf used on input line 106.
(pdftex.def)             Requested size: 160.72629pt x 142.26378pt.


LaTeX Warning: `h' float specifier changed to `ht'.

[2 <D:/Dropbox/School/SPOC schakel/TestOppInhoud4.pdf>]
Overfull \hbox (5.51634pt too wide) in paragraph at lines 125--126
[]\OT1/cmr/m/n/10 Het vol-ume van de Grote Pi-ramide is dus $[]\OML/cmm/m/it/10
 :\OT1/cmr/m/n/10 52900\OML/cmm/m/it/10 :\OT1/cmr/m/n/10 146\OML/cmm/m/it/10 m[
] \OT1/cmr/m/n/10 = 2574466\OML/cmm/m/it/10 ; \OT1/cmr/m/n/10 667\OML/cmm/m/it/
10 m[]$\OT1/cmr/m/n/10 . 
 []


Overfull \hbox (17.17554pt too wide) in paragraph at lines 143--144
[]\OT1/cmr/m/n/10 Het vol-ume van de koker (op-per-valkte grond-vlak.hoogte) is
 $\OML/cmm/m/it/10 :\OT1/cmr/m/n/10 32\OML/cmm/m/it/10 ; \OT1/cmr/m/n/10 5[]\O
ML/cmm/m/it/10 :\OT1/cmr/m/n/10 195\OML/cmm/m/it/10 mm[] \OT1/cmr/m/n/10 =$
 []

[3 <D:/Dropbox/School/SPOC schakel/TestOppInhoud7.pdf>]
("D:\Dropbox\School\SPOC schakel\WaaromJuisteAntwoordenReeksOppervlakteInhoud.a
ux") ) 
Here is how much of TeX's memory you used:
 3050 strings out of 494045
 38440 string characters out of 3145963
 94947 words of memory out of 3000000
 6317 multiletter control sequences out of 15000+200000
 5657 words of font info for 25 fonts, out of 3000000 for 9000
 715 hyphenation exceptions out of 8191
 27i,5n,24p,316b,335s stack positions out of 5000i,500n,10000p,200000b,50000s
<C:/Program Files (x86)/MiKTeX 2.9/fonts/type1/public/amsfonts/cm/cmex10.
pfb><C:/Program Files (x86)/MiKTeX 2.9/fonts/type1/public/amsfonts/cm/cmmi10.pf
b><C:/Program Files (x86)/MiKTeX 2.9/fonts/type1/public/amsfonts/cm/cmmi5.pfb><
C:/Program Files (x86)/MiKTeX 2.9/fonts/type1/public/amsfonts/cm/cmmi7.pfb><C:/
Program Files (x86)/MiKTeX 2.9/fonts/type1/public/amsfonts/cm/cmr10.pfb><C:/Pro
gram Files (x86)/MiKTeX 2.9/fonts/type1/public/amsfonts/cm/cmr5.pfb><C:/Program
 Files (x86)/MiKTeX 2.9/fonts/type1/public/amsfonts/cm/cmr7.pfb><C:/Program Fil
es (x86)/MiKTeX 2.9/fonts/type1/public/amsfonts/cm/cmsy10.pfb><C:/Program Files
 (x86)/MiKTeX 2.9/fonts/type1/public/amsfonts/cm/cmsy7.pfb>
Output written on WaaromJuisteAntwoordenReeksOppervlakteInhoud.pdf (3 pages, 14
8408 bytes).
PDF statistics:
 103 PDF objects out of 1000 (max. 8388607)
 0 named destinations out of 1000 (max. 500000)
 21 words of extra memory for PDF output out of 10000 (max. 10000000)

